app/build/intermediates/manifest_merge_blame_file/debug/manifest-merger-blame-debug-report.txt
1<?xml version="1.0" encoding="utf-8"?>
2<manifest xmlns:android="http://schemas.android.com/apk/res/android"
3    package="com.example.prunedeliveryapplication"
4    android:versionCode="1"
5    android:versionName="1.0" >
6
7    <uses-sdk
8        android:minSdkVersion="26"
8-->src\main\AndroidManifest.xml
9        android:targetSdkVersion="32" />
9-->src\main\AndroidManifest.xml
10
11    <uses-permission android:name="android.permission.INTERNET" />
11-->src\main\AndroidManifest.xml:6:5-67
11-->src\main\AndroidManifest.xml:6:22-64
12    <uses-permission android:name="android.permission.CAMERA" />
12-->src\main\AndroidManifest.xml:7:5-65
12-->src\main\AndroidManifest.xml:7:22-62
13    <uses-permission android:name="android.permission.ACCESS_COARSE_LOCATION" />
13-->src\main\AndroidManifest.xml:8:5-81
13-->src\main\AndroidManifest.xml:8:22-78
14    <uses-permission android:name="android.permission.ACCESS_FINE_LOCATION" />
14-->src\main\AndroidManifest.xml:9:5-79
14-->src\main\AndroidManifest.xml:9:22-76
15    <uses-permission android:name="android.permission.WRITE_EXTERNAL_STORAGE" />
15-->src\main\AndroidManifest.xml:10:5-81
15-->src\main\AndroidManifest.xml:10:22-78
16    <uses-permission android:name="android.permission.READ_EXTERNAL_STORAGE" />
16-->src\main\AndroidManifest.xml:11:5-80
16-->src\main\AndroidManifest.xml:11:22-77
17    <uses-permission android:name="android.permission.ACCESS_NETWORK_STATE" />
17-->src\main\AndroidManifest.xml:12:5-78
17-->src\main\AndroidManifest.xml:12:22-76
18    <uses-permission android:name="android.permission.SEND_SMS" />
18-->src\main\AndroidManifest.xml:13:5-66
18-->src\main\AndroidManifest.xml:13:22-64
19    <uses-permission android:name="android.permission.READ_SMS" />
19-->src\main\AndroidManifest.xml:14:5-67
19-->src\main\AndroidManifest.xml:14:22-64
20    <uses-permission android:name="android.permission.RECEIVE_SMS" />
20-->src\main\AndroidManifest.xml:15:5-69
20-->src\main\AndroidManifest.xml:15:22-67
21
22    <uses-feature
22-->src\main\AndroidManifest.xml:17:5-19:35
23        android:name="android.hardware.camera"
23-->src\main\AndroidManifest.xml:18:9-47
24        android:required="true" />
24-->src\main\AndroidManifest.xml:19:9-32
25    <uses-feature
25-->[com.google.android.gms:play-services-maps:18.1.0] AndroidManifest.xml:26:5-28:35
26        android:glEsVersion="0x00020000"
26-->[com.google.android.gms:play-services-maps:18.1.0] AndroidManifest.xml:27:9-41
27        android:required="true" />
27-->[com.google.android.gms:play-services-maps:18.1.0] AndroidManifest.xml:28:9-32
28
29    <queries>
29-->[com.google.android.gms:play-services-maps:18.1.0] AndroidManifest.xml:30:5-34:15
30
31        <!-- Needs to be explicitly declared on Android R+ -->
32        <package android:name="com.google.android.apps.maps" />
32-->[com.google.android.gms:play-services-maps:18.1.0] AndroidManifest.xml:33:9-64
32-->[com.google.android.gms:play-services-maps:18.1.0] AndroidManifest.xml:33:18-61
33    </queries>
34
35    <uses-permission android:name="android.permission.POST_NOTIFICATIONS" />
35-->[com.google.firebase:firebase-messaging:23.0.8] AndroidManifest.xml:26:5-77
35-->[com.google.firebase:firebase-messaging:23.0.8] AndroidManifest.xml:26:22-74
36    <uses-permission android:name="android.permission.WAKE_LOCK" /> <!-- Required by older versions of Google Play services to create IID tokens -->
36-->[com.google.firebase:firebase-messaging:23.0.8] AndroidManifest.xml:27:5-68
36-->[com.google.firebase:firebase-messaging:23.0.8] AndroidManifest.xml:27:22-65
37    <uses-permission android:name="com.google.android.c2dm.permission.RECEIVE" />
37-->[com.google.firebase:firebase-messaging:23.0.8] AndroidManifest.xml:29:5-82
37-->[com.google.firebase:firebase-messaging:23.0.8] AndroidManifest.xml:29:22-79
38    <uses-permission android:name="com.google.android.gms.permission.AD_ID" />
38-->[com.google.android.gms:play-services-measurement-api:21.1.1] AndroidManifest.xml:25:5-79
38-->[com.google.android.gms:play-services-measurement-api:21.1.1] AndroidManifest.xml:25:22-76
39    <uses-permission android:name="com.google.android.finsky.permission.BIND_GET_INSTALL_REFERRER_SERVICE" />
39-->[com.google.android.gms:play-services-measurement:21.1.1] AndroidManifest.xml:26:5-110
39-->[com.google.android.gms:play-services-measurement:21.1.1] AndroidManifest.xml:26:22-107
40
41    <application
41-->src\main\AndroidManifest.xml:21:5-174:19
42        android:allowBackup="true"
42-->src\main\AndroidManifest.xml:22:9-35
43        android:appComponentFactory="androidx.core.app.CoreComponentFactory"
43-->[androidx.core:core:1.8.0] AndroidManifest.xml:24:18-86
44        android:dataExtractionRules="@xml/data_extraction_rules"
44-->src\main\AndroidManifest.xml:23:9-65
45        android:debuggable="true"
46        android:extractNativeLibs="false"
47        android:fullBackupContent="@xml/backup_rules"
47-->src\main\AndroidManifest.xml:24:9-54
48        android:icon="@mipmap/ic_launcher"
48-->src\main\AndroidManifest.xml:25:9-43
49        android:label="@string/app_name"
49-->src\main\AndroidManifest.xml:26:9-41
50        android:roundIcon="@mipmap/ic_launcher_round"
50-->src\main\AndroidManifest.xml:27:9-54
51        android:supportsRtl="true"
51-->src\main\AndroidManifest.xml:28:9-35
52        android:testOnly="true"
53        android:theme="@style/Theme.PruneDeliveryApplication"
53-->src\main\AndroidManifest.xml:29:9-62
54        android:usesCleartextTraffic="true" >
54-->src\main\AndroidManifest.xml:30:9-44
55        <activity
55-->src\main\AndroidManifest.xml:32:9-35:56
56            android:name="com.example.prunedeliveryapplication.DetailActivity"
56-->src\main\AndroidManifest.xml:33:13-43
57            android:exported="false"
57-->src\main\AndroidManifest.xml:34:13-37
58            android:parentActivityName="com.example.prunedeliveryapplication.ActivityLogs" />
58-->src\main\AndroidManifest.xml:35:13-54
59        <activity
59-->src\main\AndroidManifest.xml:36:9-41:52
60            android:name="com.example.prunedeliveryapplication.dlActivity"
60-->src\main\AndroidManifest.xml:37:13-39
61            android:exported="false"
61-->src\main\AndroidManifest.xml:38:13-37
62            android:label="Driving Licence Data Extract"
62-->src\main\AndroidManifest.xml:39:13-57
63            android:parentActivityName="com.example.prunedeliveryapplication.IdentityDetails"
63-->src\main\AndroidManifest.xml:40:13-58
64            android:screenOrientation="portrait" />
64-->src\main\AndroidManifest.xml:41:13-49
65        <activity
65-->src\main\AndroidManifest.xml:42:9-47:52
66            android:name="com.example.prunedeliveryapplication.PanCardActivity"
66-->src\main\AndroidManifest.xml:43:13-44
67            android:exported="false"
67-->src\main\AndroidManifest.xml:44:13-37
68            android:label="Pan Card Data Extract"
68-->src\main\AndroidManifest.xml:45:13-50
69            android:parentActivityName="com.example.prunedeliveryapplication.IdentityDetails"
69-->src\main\AndroidManifest.xml:46:13-58
70            android:screenOrientation="portrait" />
70-->src\main\AndroidManifest.xml:47:13-49
71        <activity
71-->src\main\AndroidManifest.xml:48:9-53:52
72            android:name="com.example.prunedeliveryapplication.AadhaarCardActivity"
72-->src\main\AndroidManifest.xml:49:13-48
73            android:exported="false"
73-->src\main\AndroidManifest.xml:50:13-37
74            android:label="Aadhaar Card Data Extract"
74-->src\main\AndroidManifest.xml:51:13-54
75            android:parentActivityName="com.example.prunedeliveryapplication.IdentityDetails"
75-->src\main\AndroidManifest.xml:52:13-58
76            android:screenOrientation="portrait" />
76-->src\main\AndroidManifest.xml:53:13-49
77        <activity
77-->src\main\AndroidManifest.xml:54:9-57:52
78            android:name="com.example.prunedeliveryapplication.CustomGalleryActivity"
78-->src\main\AndroidManifest.xml:55:13-50
79            android:exported="true"
79-->src\main\AndroidManifest.xml:56:13-36
80            android:screenOrientation="portrait" />
80-->src\main\AndroidManifest.xml:57:13-49
81        <activity
81-->src\main\AndroidManifest.xml:58:9-60:40
82            android:name="com.example.prunedeliveryapplication.simstock"
82-->src\main\AndroidManifest.xml:59:13-37
83            android:exported="false" />
83-->src\main\AndroidManifest.xml:60:13-37
84        <activity
84-->src\main\AndroidManifest.xml:61:9-63:40
85            android:name="com.example.prunedeliveryapplication.ActivateSim"
85-->src\main\AndroidManifest.xml:62:13-40
86            android:exported="false" />
86-->src\main\AndroidManifest.xml:63:13-37
87        <activity
87-->src\main\AndroidManifest.xml:64:9-66:40
88            android:name="com.example.prunedeliveryapplication.Performance"
88-->src\main\AndroidManifest.xml:65:13-40
89            android:exported="false" />
89-->src\main\AndroidManifest.xml:66:13-37
90        <activity
90-->src\main\AndroidManifest.xml:67:9-69:40
91            android:name="com.example.prunedeliveryapplication.Payment"
91-->src\main\AndroidManifest.xml:68:13-36
92            android:exported="false" />
92-->src\main\AndroidManifest.xml:69:13-37
93        <activity
93-->src\main\AndroidManifest.xml:70:9-72:40
94            android:name="com.example.prunedeliveryapplication.BuySim"
94-->src\main\AndroidManifest.xml:71:13-35
95            android:exported="false" />
95-->src\main\AndroidManifest.xml:72:13-37
96        <activity
96-->src\main\AndroidManifest.xml:73:9-75:40
97            android:name="com.example.prunedeliveryapplication.xyz"
97-->src\main\AndroidManifest.xml:74:13-32
98            android:exported="false" />
98-->src\main\AndroidManifest.xml:75:13-37
99        <activity
99-->src\main\AndroidManifest.xml:76:9-78:40
100            android:name="com.example.prunedeliveryapplication.NavigationScreen"
100-->src\main\AndroidManifest.xml:77:13-45
101            android:exported="false" />
101-->src\main\AndroidManifest.xml:78:13-37
102        <activity
102-->src\main\AndroidManifest.xml:79:9-81:40
103            android:name="com.example.prunedeliveryapplication.personal_details_screen"
103-->src\main\AndroidManifest.xml:80:13-52
104            android:exported="false" />
104-->src\main\AndroidManifest.xml:81:13-37
105        <activity
105-->src\main\AndroidManifest.xml:82:9-84:40
106            android:name="com.example.prunedeliveryapplication.compl_verify"
106-->src\main\AndroidManifest.xml:83:13-41
107            android:exported="false" />
107-->src\main\AndroidManifest.xml:84:13-37
108        <activity
108-->src\main\AndroidManifest.xml:85:9-87:40
109            android:name="com.example.prunedeliveryapplication.activate_sim_status"
109-->src\main\AndroidManifest.xml:86:13-48
110            android:exported="false" />
110-->src\main\AndroidManifest.xml:87:13-37
111        <activity
111-->src\main\AndroidManifest.xml:88:9-90:40
112            android:name="com.example.prunedeliveryapplication.bank_details"
112-->src\main\AndroidManifest.xml:89:13-41
113            android:exported="false" />
113-->src\main\AndroidManifest.xml:90:13-37
114        <activity
114-->src\main\AndroidManifest.xml:91:9-93:40
115            android:name="com.example.prunedeliveryapplication.driving_license"
115-->src\main\AndroidManifest.xml:92:13-44
116            android:exported="false" />
116-->src\main\AndroidManifest.xml:93:13-37
117        <activity
117-->src\main\AndroidManifest.xml:94:9-96:40
118            android:name="com.example.prunedeliveryapplication.IdentityDetails"
118-->src\main\AndroidManifest.xml:95:13-44
119            android:exported="false" />
119-->src\main\AndroidManifest.xml:96:13-37
120        <activity
120-->src\main\AndroidManifest.xml:97:9-99:40
121            android:name="com.example.prunedeliveryapplication.personal_details"
121-->src\main\AndroidManifest.xml:98:13-45
122            android:exported="false" />
122-->src\main\AndroidManifest.xml:99:13-37
123        <activity
123-->src\main\AndroidManifest.xml:100:9-102:40
124            android:name="com.example.prunedeliveryapplication.calender_view"
124-->src\main\AndroidManifest.xml:101:13-42
125            android:exported="false" />
125-->src\main\AndroidManifest.xml:102:13-37
126        <activity
126-->src\main\AndroidManifest.xml:103:9-105:40
127            android:name="com.example.prunedeliveryapplication.TimeView"
127-->src\main\AndroidManifest.xml:104:13-37
128            android:exported="false" />
128-->src\main\AndroidManifest.xml:105:13-37
129        <activity
129-->src\main\AndroidManifest.xml:106:9-108:40
130            android:name="com.example.prunedeliveryapplication.Otherresponse"
130-->src\main\AndroidManifest.xml:107:13-42
131            android:exported="false" />
131-->src\main\AndroidManifest.xml:108:13-37
132        <activity
132-->src\main\AndroidManifest.xml:109:9-111:40
133            android:name="com.example.prunedeliveryapplication.card_detail"
133-->src\main\AndroidManifest.xml:110:13-40
134            android:exported="false" />
134-->src\main\AndroidManifest.xml:111:13-37
135        <activity
135-->src\main\AndroidManifest.xml:112:9-114:40
136            android:name="com.example.prunedeliveryapplication.customer_details"
136-->src\main\AndroidManifest.xml:113:13-45
137            android:exported="false" />
137-->src\main\AndroidManifest.xml:114:13-37
138        <activity
138-->src\main\AndroidManifest.xml:115:9-117:40
139            android:name="com.example.prunedeliveryapplication.card_option"
139-->src\main\AndroidManifest.xml:116:13-40
140            android:exported="false" />
140-->src\main\AndroidManifest.xml:117:13-37
141        <activity
141-->src\main\AndroidManifest.xml:118:9-120:40
142            android:name="com.example.prunedeliveryapplication.edit_profile"
142-->src\main\AndroidManifest.xml:119:13-41
143            android:exported="false" />
143-->src\main\AndroidManifest.xml:120:13-37
144        <activity
144-->src\main\AndroidManifest.xml:121:9-123:40
145            android:name="com.example.prunedeliveryapplication.direct_sell"
145-->src\main\AndroidManifest.xml:122:13-40
146            android:exported="false" />
146-->src\main\AndroidManifest.xml:123:13-37
147        <activity
147-->src\main\AndroidManifest.xml:124:9-126:40
148            android:name="com.example.prunedeliveryapplication.add_money_wallet"
148-->src\main\AndroidManifest.xml:125:13-45
149            android:exported="false" />
149-->src\main\AndroidManifest.xml:126:13-37
150        <activity
150-->src\main\AndroidManifest.xml:127:9-129:40
151            android:name="com.example.prunedeliveryapplication.get_orders"
151-->src\main\AndroidManifest.xml:128:13-39
152            android:exported="false" />
152-->src\main\AndroidManifest.xml:129:13-37
153        <activity
153-->src\main\AndroidManifest.xml:130:9-132:40
154            android:name="com.example.prunedeliveryapplication.fees_paid_1sreen"
154-->src\main\AndroidManifest.xml:131:13-45
155            android:exported="false" />
155-->src\main\AndroidManifest.xml:132:13-37
156        <activity
156-->src\main\AndroidManifest.xml:133:9-135:40
157            android:name="com.example.prunedeliveryapplication.tshirt_size"
157-->src\main\AndroidManifest.xml:134:13-40
158            android:exported="false" />
158-->src\main\AndroidManifest.xml:135:13-37
159        <activity
159-->src\main\AndroidManifest.xml:136:9-138:40
160            android:name="com.example.prunedeliveryapplication.take_photo_activity"
160-->src\main\AndroidManifest.xml:137:13-48
161            android:exported="false" />
161-->src\main\AndroidManifest.xml:138:13-37
162        <activity
162-->src\main\AndroidManifest.xml:139:9-141:40
163            android:name="com.example.prunedeliveryapplication.VerifyOTPActivity"
163-->src\main\AndroidManifest.xml:140:13-46
164            android:exported="false" />
164-->src\main\AndroidManifest.xml:141:13-37
165        <activity
165-->src\main\AndroidManifest.xml:142:9-144:40
166            android:name="com.example.prunedeliveryapplication.SendOTPActivity"
166-->src\main\AndroidManifest.xml:143:13-44
167            android:exported="false" />
167-->src\main\AndroidManifest.xml:144:13-37
168        <activity
168-->src\main\AndroidManifest.xml:145:9-153:20
169            android:name="com.example.prunedeliveryapplication.MainActivity"
169-->src\main\AndroidManifest.xml:146:13-41
170            android:exported="true" >
170-->src\main\AndroidManifest.xml:147:13-36
171            <intent-filter>
171-->src\main\AndroidManifest.xml:148:13-152:29
172                <action android:name="android.intent.action.MAIN" />
172-->src\main\AndroidManifest.xml:149:17-69
172-->src\main\AndroidManifest.xml:149:25-66
173
174                <category android:name="android.intent.category.LAUNCHER" />
174-->src\main\AndroidManifest.xml:151:17-77
174-->src\main\AndroidManifest.xml:151:27-74
175            </intent-filter>
176        </activity>
177
178        <provider
179            android:name="androidx.core.content.FileProvider"
179-->src\main\AndroidManifest.xml:156:13-62
180            android:authorities="com.example.prunedeliveryapplication.provider"
180-->src\main\AndroidManifest.xml:157:13-60
181            android:exported="false"
181-->src\main\AndroidManifest.xml:158:13-37
182            android:grantUriPermissions="true" >
182-->src\main\AndroidManifest.xml:159:13-47
183            <meta-data
183-->src\main\AndroidManifest.xml:160:13-162:54
184                android:name="android.support.FILE_PROVIDER_PATHS"
184-->src\main\AndroidManifest.xml:161:17-67
185                android:resource="@xml/file_paths" />
185-->src\main\AndroidManifest.xml:162:17-51
186            <meta-data
186-->src\main\AndroidManifest.xml:163:13-165:73
187                android:name="com.google.android.gms.version"
187-->src\main\AndroidManifest.xml:164:17-62
188                android:value="@integer/google_play_services_version" />
188-->src\main\AndroidManifest.xml:165:17-70
189            <meta-data
189-->src\main\AndroidManifest.xml:166:13-168:75
190                android:name="com.google.android.geo.API_KEY"
190-->src\main\AndroidManifest.xml:167:17-62
191                android:value="AIzaSyCQHKYc3QxEAWHAp5mQcTWGUyG0LkLJlMU" />
191-->src\main\AndroidManifest.xml:168:17-72
192        </provider>
193
194        <uses-library
194-->src\main\AndroidManifest.xml:171:9-173:40
195            android:name="org.apache.http.legacy"
195-->src\main\AndroidManifest.xml:172:13-50
196            android:required="false" />
196-->src\main\AndroidManifest.xml:173:13-37
197
198        <activity
198-->[com.karumi:dexter:6.2.2] AndroidManifest.xml:27:9-29:72
199            android:name="com.karumi.dexter.DexterActivity"
199-->[com.karumi:dexter:6.2.2] AndroidManifest.xml:28:13-60
200            android:theme="@style/Dexter.Internal.Theme.Transparent" />
200-->[com.karumi:dexter:6.2.2] AndroidManifest.xml:29:13-69
201        <activity
201-->[com.google.firebase:firebase-auth:21.0.8] AndroidManifest.xml:27:9-44:20
202            android:name="com.google.firebase.auth.internal.GenericIdpActivity"
202-->[com.google.firebase:firebase-auth:21.0.8] AndroidManifest.xml:28:13-80
203            android:excludeFromRecents="true"
203-->[com.google.firebase:firebase-auth:21.0.8] AndroidManifest.xml:29:13-46
204            android:exported="true"
204-->[com.google.firebase:firebase-auth:21.0.8] AndroidManifest.xml:30:13-36
205            android:launchMode="singleTask"
205-->[com.google.firebase:firebase-auth:21.0.8] AndroidManifest.xml:31:13-44
206            android:theme="@android:style/Theme.Translucent.NoTitleBar" >
206-->[com.google.firebase:firebase-auth:21.0.8] AndroidManifest.xml:32:13-72
207            <intent-filter>
207-->[com.google.firebase:firebase-auth:21.0.8] AndroidManifest.xml:33:13-43:29
208                <action android:name="android.intent.action.VIEW" />
208-->[com.google.firebase:firebase-auth:21.0.8] AndroidManifest.xml:34:17-69
208-->[com.google.firebase:firebase-auth:21.0.8] AndroidManifest.xml:34:25-66
209
210                <category android:name="android.intent.category.DEFAULT" />
210-->[com.google.firebase:firebase-auth:21.0.8] AndroidManifest.xml:36:17-76
210-->[com.google.firebase:firebase-auth:21.0.8] AndroidManifest.xml:36:27-73
211                <category android:name="android.intent.category.BROWSABLE" />
211-->[com.google.firebase:firebase-auth:21.0.8] AndroidManifest.xml:37:17-78
211-->[com.google.firebase:firebase-auth:21.0.8] AndroidManifest.xml:37:27-75
212
213                <data
213-->[com.google.firebase:firebase-auth:21.0.8] AndroidManifest.xml:39:17-42:51
214                    android:host="firebase.auth"
214-->[com.google.firebase:firebase-auth:21.0.8] AndroidManifest.xml:40:21-49
215                    android:path="/"
215-->[com.google.firebase:firebase-auth:21.0.8] AndroidManifest.xml:41:21-37
216                    android:scheme="genericidp" />
216-->[com.google.firebase:firebase-auth:21.0.8] AndroidManifest.xml:42:21-48
217            </intent-filter>
218        </activity>
219        <activity
219-->[com.google.firebase:firebase-auth:21.0.8] AndroidManifest.xml:45:9-62:20
220            android:name="com.google.firebase.auth.internal.RecaptchaActivity"
220-->[com.google.firebase:firebase-auth:21.0.8] AndroidManifest.xml:46:13-79
221            android:excludeFromRecents="true"
221-->[com.google.firebase:firebase-auth:21.0.8] AndroidManifest.xml:47:13-46
222            android:exported="true"
222-->[com.google.firebase:firebase-auth:21.0.8] AndroidManifest.xml:48:13-36
223            android:launchMode="singleTask"
223-->[com.google.firebase:firebase-auth:21.0.8] AndroidManifest.xml:49:13-44
224            android:theme="@android:style/Theme.Translucent.NoTitleBar" >
224-->[com.google.firebase:firebase-auth:21.0.8] AndroidManifest.xml:50:13-72
225            <intent-filter>
225-->[com.google.firebase:firebase-auth:21.0.8] AndroidManifest.xml:51:13-61:29
226                <action android:name="android.intent.action.VIEW" />
226-->[com.google.firebase:firebase-auth:21.0.8] AndroidManifest.xml:34:17-69
226-->[com.google.firebase:firebase-auth:21.0.8] AndroidManifest.xml:34:25-66
227
228                <category android:name="android.intent.category.DEFAULT" />
228-->[com.google.firebase:firebase-auth:21.0.8] AndroidManifest.xml:36:17-76
228-->[com.google.firebase:firebase-auth:21.0.8] AndroidManifest.xml:36:27-73
229                <category android:name="android.intent.category.BROWSABLE" />
229-->[com.google.firebase:firebase-auth:21.0.8] AndroidManifest.xml:37:17-78
229-->[com.google.firebase:firebase-auth:21.0.8] AndroidManifest.xml:37:27-75
230
231                <data
231-->[com.google.firebase:firebase-auth:21.0.8] AndroidManifest.xml:39:17-42:51
232                    android:host="firebase.auth"
232-->[com.google.firebase:firebase-auth:21.0.8] AndroidManifest.xml:40:21-49
233                    android:path="/"
233-->[com.google.firebase:firebase-auth:21.0.8] AndroidManifest.xml:41:21-37
234                    android:scheme="recaptcha" />
234-->[com.google.firebase:firebase-auth:21.0.8] AndroidManifest.xml:42:21-48
235            </intent-filter>
236        </activity>
237
238        <service
238-->[com.google.firebase:firebase-auth:21.0.8] AndroidManifest.xml:64:9-70:19
239            android:name="com.google.firebase.components.ComponentDiscoveryService"
239-->[com.google.firebase:firebase-auth:21.0.8] AndroidManifest.xml:65:13-84
240            android:directBootAware="true"
240-->[com.google.firebase:firebase-common:20.1.2] AndroidManifest.xml:35:13-43
241            android:exported="false" >
241-->[com.google.firebase:firebase-auth:21.0.8] AndroidManifest.xml:66:13-37
242            <meta-data
242-->[com.google.firebase:firebase-auth:21.0.8] AndroidManifest.xml:67:13-69:85
243                android:name="com.google.firebase.components:com.google.firebase.auth.FirebaseAuthRegistrar"
243-->[com.google.firebase:firebase-auth:21.0.8] AndroidManifest.xml:68:17-109
244                android:value="com.google.firebase.components.ComponentRegistrar" />
244-->[com.google.firebase:firebase-auth:21.0.8] AndroidManifest.xml:69:17-82
245            <meta-data
245-->[com.google.firebase:firebase-database:20.0.6] AndroidManifest.xml:32:13-34:85
246                android:name="com.google.firebase.components:com.google.firebase.database.DatabaseRegistrar"
246-->[com.google.firebase:firebase-database:20.0.6] AndroidManifest.xml:33:17-109
247                android:value="com.google.firebase.components.ComponentRegistrar" />
247-->[com.google.firebase:firebase-database:20.0.6] AndroidManifest.xml:34:17-82
248            <meta-data
248-->[com.google.firebase:firebase-firestore:24.3.1] AndroidManifest.xml:20:13-22:85
249                android:name="com.google.firebase.components:com.google.firebase.firestore.FirestoreRegistrar"
249-->[com.google.firebase:firebase-firestore:24.3.1] AndroidManifest.xml:21:17-111
250                android:value="com.google.firebase.components.ComponentRegistrar" />
250-->[com.google.firebase:firebase-firestore:24.3.1] AndroidManifest.xml:22:17-82
251            <meta-data
251-->[com.google.firebase:firebase-messaging:23.0.8] AndroidManifest.xml:56:13-58:85
252                android:name="com.google.firebase.components:com.google.firebase.messaging.FirebaseMessagingRegistrar"
252-->[com.google.firebase:firebase-messaging:23.0.8] AndroidManifest.xml:57:17-119
253                android:value="com.google.firebase.components.ComponentRegistrar" />
253-->[com.google.firebase:firebase-messaging:23.0.8] AndroidManifest.xml:58:17-82
254            <meta-data
254-->[com.google.android.gms:play-services-measurement-api:21.1.1] AndroidManifest.xml:31:13-33:85
255                android:name="com.google.firebase.components:com.google.firebase.analytics.connector.internal.AnalyticsConnectorRegistrar"
255-->[com.google.android.gms:play-services-measurement-api:21.1.1] AndroidManifest.xml:32:17-139
256                android:value="com.google.firebase.components.ComponentRegistrar" />
256-->[com.google.android.gms:play-services-measurement-api:21.1.1] AndroidManifest.xml:33:17-82
257            <meta-data
257-->[com.google.firebase:firebase-datatransport:18.1.6] AndroidManifest.xml:28:13-30:85
258                android:name="com.google.firebase.components:com.google.firebase.datatransport.TransportRegistrar"
258-->[com.google.firebase:firebase-datatransport:18.1.6] AndroidManifest.xml:29:17-115
259                android:value="com.google.firebase.components.ComponentRegistrar" />
259-->[com.google.firebase:firebase-datatransport:18.1.6] AndroidManifest.xml:30:17-82
260            <meta-data
260-->[com.google.firebase:firebase-installations:17.0.3] AndroidManifest.xml:18:13-20:85
261                android:name="com.google.firebase.components:com.google.firebase.installations.FirebaseInstallationsRegistrar"
261-->[com.google.firebase:firebase-installations:17.0.3] AndroidManifest.xml:19:17-127
262                android:value="com.google.firebase.components.ComponentRegistrar" />
262-->[com.google.firebase:firebase-installations:17.0.3] AndroidManifest.xml:20:17-82
263        </service>
264
265        <receiver
265-->[com.google.firebase:firebase-messaging:23.0.8] AndroidManifest.xml:32:9-39:20
266            android:name="com.google.firebase.iid.FirebaseInstanceIdReceiver"
266-->[com.google.firebase:firebase-messaging:23.0.8] AndroidManifest.xml:33:13-78
267            android:exported="true"
267-->[com.google.firebase:firebase-messaging:23.0.8] AndroidManifest.xml:34:13-36
268            android:permission="com.google.android.c2dm.permission.SEND" >
268-->[com.google.firebase:firebase-messaging:23.0.8] AndroidManifest.xml:35:13-73
269            <intent-filter>
269-->[com.google.firebase:firebase-messaging:23.0.8] AndroidManifest.xml:36:13-38:29
270                <action android:name="com.google.android.c2dm.intent.RECEIVE" />
270-->[com.google.firebase:firebase-messaging:23.0.8] AndroidManifest.xml:37:17-81
270-->[com.google.firebase:firebase-messaging:23.0.8] AndroidManifest.xml:37:25-78
271            </intent-filter>
272        </receiver>
273        <!--
274             FirebaseMessagingService performs security checks at runtime,
275             but set to not exported to explicitly avoid allowing another app to call it.
276        -->
277        <service
277-->[com.google.firebase:firebase-messaging:23.0.8] AndroidManifest.xml:45:9-52:19
278            android:name="com.google.firebase.messaging.FirebaseMessagingService"
278-->[com.google.firebase:firebase-messaging:23.0.8] AndroidManifest.xml:46:13-82
279            android:directBootAware="true"
279-->[com.google.firebase:firebase-messaging:23.0.8] AndroidManifest.xml:47:13-43
280            android:exported="false" >
280-->[com.google.firebase:firebase-messaging:23.0.8] AndroidManifest.xml:48:13-37
281            <intent-filter android:priority="-500" >
281-->[com.google.firebase:firebase-messaging:23.0.8] AndroidManifest.xml:49:13-51:29
281-->[com.google.firebase:firebase-messaging:23.0.8] AndroidManifest.xml:49:28-51
282                <action android:name="com.google.firebase.MESSAGING_EVENT" />
282-->[com.google.firebase:firebase-messaging:23.0.8] AndroidManifest.xml:50:17-78
282-->[com.google.firebase:firebase-messaging:23.0.8] AndroidManifest.xml:50:25-75
283            </intent-filter>
284        </service>
285
286        <provider
286-->[com.google.firebase:firebase-common:20.1.2] AndroidManifest.xml:26:9-31:39
287            android:name="com.google.firebase.provider.FirebaseInitProvider"
287-->[com.google.firebase:firebase-common:20.1.2] AndroidManifest.xml:27:13-77
288            android:authorities="com.example.prunedeliveryapplication.firebaseinitprovider"
288-->[com.google.firebase:firebase-common:20.1.2] AndroidManifest.xml:28:13-72
289            android:directBootAware="true"